<?xml version="1.0" encoding="UTF-8"?>
<coverage generated="1484592549983" clover="3.2.0">
  <project timestamp="1484592549983" name="All files">
    <metrics statements="48" coveredstatements="18" conditionals="23" coveredconditionals="5" methods="26" coveredmethods="10" elements="97" coveredelements="33" complexity="0" loc="48" ncloc="48" packages="9" files="11" classes="11">
      <package name="src">
        <metrics statements="1" coveredstatements="0" conditionals="4" coveredconditionals="0" methods="1" coveredmethods="0"/>
        <file name="index.js" path="/Users/vincentspeelman/Projects/webpack-react-hot-bolerplate/src/index.js">
          <metrics statements="1" coveredstatements="0" conditionals="4" coveredconditionals="0" methods="1" coveredmethods="0"/>
          <line num="6" count="0" type="stmt"/>
        </file>
      </package>
      <package name="src.components.api">
        <metrics statements="4" coveredstatements="2" conditionals="0" coveredconditionals="0" methods="3" coveredmethods="1"/>
        <file name="index.js" path="/Users/vincentspeelman/Projects/webpack-react-hot-bolerplate/src/components/api/index.js">
          <metrics statements="4" coveredstatements="2" conditionals="0" coveredconditionals="0" methods="3" coveredmethods="1"/>
          <line num="3" count="1" type="stmt"/>
          <line num="9" count="1" type="stmt"/>
          <line num="21" count="0" type="stmt"/>
          <line num="22" count="0" type="stmt"/>
        </file>
      </package>
      <package name="src.components.application">
        <metrics statements="3" coveredstatements="0" conditionals="0" coveredconditionals="0" methods="1" coveredmethods="0"/>
        <file name="index.js" path="/Users/vincentspeelman/Projects/webpack-react-hot-bolerplate/src/components/application/index.js">
          <metrics statements="3" coveredstatements="0" conditionals="0" coveredconditionals="0" methods="1" coveredmethods="0"/>
          <line num="1" count="0" type="stmt"/>
          <line num="11" count="0" type="stmt"/>
          <line num="25" count="0" type="stmt"/>
        </file>
      </package>
      <package name="src.components.async-component">
        <metrics statements="3" coveredstatements="0" conditionals="4" coveredconditionals="0" methods="2" coveredmethods="0"/>
        <file name="index.js" path="/Users/vincentspeelman/Projects/webpack-react-hot-bolerplate/src/components/async-component/index.js">
          <metrics statements="3" coveredstatements="0" conditionals="4" coveredconditionals="0" methods="2" coveredmethods="0"/>
          <line num="1" count="0" type="stmt"/>
          <line num="2" count="0" type="stmt"/>
          <line num="4" count="0" type="stmt"/>
        </file>
      </package>
      <package name="src.components.dashboard">
        <metrics statements="3" coveredstatements="0" conditionals="4" coveredconditionals="0" methods="2" coveredmethods="0"/>
        <file name="Dashboard.js" path="/Users/vincentspeelman/Projects/webpack-react-hot-bolerplate/src/components/dashboard/Dashboard.js">
          <metrics statements="3" coveredstatements="0" conditionals="4" coveredconditionals="0" methods="2" coveredmethods="0"/>
          <line num="1" count="0" type="stmt"/>
          <line num="2" count="0" type="stmt"/>
          <line num="4" count="0" type="stmt"/>
        </file>
      </package>
      <package name="src.components.header">
        <metrics statements="5" coveredstatements="5" conditionals="5" coveredconditionals="5" methods="3" coveredmethods="2"/>
        <file name="index.js" path="/Users/vincentspeelman/Projects/webpack-react-hot-bolerplate/src/components/header/index.js">
          <metrics statements="5" coveredstatements="5" conditionals="5" coveredconditionals="5" methods="3" coveredmethods="2"/>
          <line num="6" count="1" type="stmt"/>
          <line num="18" count="1" type="stmt"/>
          <line num="30" count="4" type="stmt"/>
          <line num="31" count="8" type="stmt"/>
          <line num="59" count="1" type="stmt"/>
        </file>
      </package>
      <package name="src.components.home">
        <metrics statements="4" coveredstatements="0" conditionals="0" coveredconditionals="0" methods="2" coveredmethods="0"/>
        <file name="index.js" path="/Users/vincentspeelman/Projects/webpack-react-hot-bolerplate/src/components/home/index.js">
          <metrics statements="4" coveredstatements="0" conditionals="0" coveredconditionals="0" methods="2" coveredmethods="0"/>
          <line num="1" count="0" type="stmt"/>
          <line num="9" count="0" type="stmt"/>
          <line num="61" count="0" type="stmt"/>
          <line num="66" count="0" type="stmt"/>
        </file>
      </package>
      <package name="src.config">
        <metrics statements="10" coveredstatements="3" conditionals="6" coveredconditionals="0" methods="3" coveredmethods="1"/>
        <file name="create-actions.js" path="/Users/vincentspeelman/Projects/webpack-react-hot-bolerplate/src/config/create-actions.js">
          <metrics statements="3" coveredstatements="3" conditionals="2" coveredconditionals="0" methods="1" coveredmethods="1"/>
          <line num="7" count="3" type="stmt"/>
          <line num="13" count="4" type="stmt"/>
          <line num="18" count="4" type="stmt"/>
        </file>
        <file name="create-store.js" path="/Users/vincentspeelman/Projects/webpack-react-hot-bolerplate/src/config/create-store.js">
          <metrics statements="7" coveredstatements="0" conditionals="4" coveredconditionals="0" methods="2" coveredmethods="0"/>
          <line num="1" count="0" type="stmt"/>
          <line num="10" count="0" type="stmt"/>
          <line num="20" count="0" type="stmt"/>
          <line num="23" count="0" type="stmt"/>
          <line num="25" count="0" type="stmt"/>
          <line num="29" count="0" type="stmt"/>
          <line num="35" count="0" type="stmt"/>
        </file>
      </package>
      <package name="src.modules.current-user">
        <metrics statements="15" coveredstatements="8" conditionals="0" coveredconditionals="0" methods="9" coveredmethods="6"/>
        <file name="action-types.js" path="/Users/vincentspeelman/Projects/webpack-react-hot-bolerplate/src/modules/current-user/action-types.js">
          <metrics statements="0" coveredstatements="0" conditionals="0" coveredconditionals="0" methods="0" coveredmethods="0"/>
        </file>
        <file name="index.js" path="/Users/vincentspeelman/Projects/webpack-react-hot-bolerplate/src/modules/current-user/index.js">
          <metrics statements="15" coveredstatements="8" conditionals="0" coveredconditionals="0" methods="9" coveredmethods="6"/>
          <line num="11" count="1" type="stmt"/>
          <line num="16" count="1" type="stmt"/>
          <line num="17" count="0" type="stmt"/>
          <line num="22" count="0" type="stmt"/>
          <line num="28" count="0" type="stmt"/>
          <line num="38" count="1" type="stmt"/>
          <line num="39" count="1" type="stmt"/>
          <line num="41" count="0" type="stmt"/>
          <line num="43" count="0" type="stmt"/>
          <line num="44" count="0" type="stmt"/>
          <line num="49" count="0" type="stmt"/>
          <line num="57" count="1" type="stmt"/>
          <line num="60" count="1" type="stmt"/>
          <line num="68" count="1" type="stmt"/>
          <line num="73" count="1" type="stmt"/>
        </file>
      </package>
    </metrics>
  </project>
</coverage>
