{"/Users/vincentspeelman/Projects/webpack-react-hot-bolerplate/src/index.js": {"path":"/Users/vincentspeelman/Projects/webpack-react-hot-bolerplate/src/index.js","statementMap":{"0":{"start":{"line":6,"column":201},"end":{"line":6,"column":255}}},"fnMap":{"0":{"name":"_interopRequireDefault","decl":{"start":{"line":6,"column":172},"end":{"line":6,"column":194}},"loc":{"start":{"line":6,"column":200},"end":{"line":6,"column":256}}}},"branchMap":{"0":{"loc":{"start":{"line":6,"column":208},"end":{"line":6,"column":254}},"type":"cond-expr","locations":[{"start":{"line":6,"column":232},"end":{"line":6,"column":235}},{"start":{"line":6,"column":238},"end":{"line":6,"column":254}}]},"1":{"loc":{"start":{"line":6,"column":208},"end":{"line":6,"column":229}},"type":"binary-expr","locations":[{"start":{"line":6,"column":208},"end":{"line":6,"column":211}},{"start":{"line":6,"column":215},"end":{"line":6,"column":229}}]}},"s":{"0":0},"f":{"0":0},"b":{"0":[0,0],"1":[0,0]}}
,"/Users/vincentspeelman/Projects/webpack-react-hot-bolerplate/src/components/api/index.js": {"path":"/Users/vincentspeelman/Projects/webpack-react-hot-bolerplate/src/components/api/index.js","statementMap":{"0":{"start":{"line":3,"column":18},"end":{"line":5,"column":1}},"1":{"start":{"line":9,"column":4},"end":{"line":22,"column":33}},"2":{"start":{"line":21,"column":17},"end":{"line":21,"column":27}},"3":{"start":{"line":22,"column":18},"end":{"line":22,"column":32}}},"fnMap":{"0":{"name":"(anonymous_0)","decl":{"start":{"line":8,"column":9},"end":{"line":8,"column":10}},"loc":{"start":{"line":9,"column":4},"end":{"line":22,"column":33}}},"1":{"name":"(anonymous_1)","decl":{"start":{"line":21,"column":10},"end":{"line":21,"column":11}},"loc":{"start":{"line":21,"column":17},"end":{"line":21,"column":27}}},"2":{"name":"(anonymous_2)","decl":{"start":{"line":22,"column":11},"end":{"line":22,"column":12}},"loc":{"start":{"line":22,"column":18},"end":{"line":22,"column":32}}}},"branchMap":{},"s":{"0":1,"1":1,"2":0,"3":0},"f":{"0":1,"1":0,"2":0},"b":{},"_coverageSchema":"332fd63041d2c1bcb487cc26dd0d5f7d97098a6c","hash":"321c7f6d05fa8f64c2192fd4543a953128efaab2"}
,"/Users/vincentspeelman/Projects/webpack-react-hot-bolerplate/src/components/application/index.js": {"path":"/Users/vincentspeelman/Projects/webpack-react-hot-bolerplate/src/components/application/index.js","statementMap":{"0":{"start":{"line":1,"column":39},"end":{"line":1,"column":101}},"1":{"start":{"line":11,"column":18},"end":{"line":19,"column":270}},"2":{"start":{"line":25,"column":0},"end":{"line":26,"column":74}}},"fnMap":{"0":{"name":"Application","decl":{"start":{"line":11,"column":27},"end":{"line":11,"column":38}},"loc":{"start":{"line":11,"column":98},"end":{"line":19,"column":270}}}},"branchMap":{},"s":{"0":0,"1":0,"2":0},"f":{"0":0},"b":{}}
,"/Users/vincentspeelman/Projects/webpack-react-hot-bolerplate/src/components/async-component/index.js": {"path":"/Users/vincentspeelman/Projects/webpack-react-hot-bolerplate/src/components/async-component/index.js","statementMap":{"0":{"start":{"line":1,"column":39},"end":{"line":1,"column":101}},"1":{"start":{"line":1,"column":123},"end":{"line":1,"column":179}},"2":{"start":{"line":1,"column":203},"end":{"line":1,"column":242}},"3":{"start":{"line":1,"column":266},"end":{"line":1,"column":313}},"4":{"start":{"line":1,"column":337},"end":{"line":1,"column":377}},"5":{"start":{"line":1,"column":398},"end":{"line":1,"column":442}},"6":{"start":{"line":1,"column":463},"end":{"line":1,"column":500}},"7":{"start":{"line":1,"column":535},"end":{"line":1,"column":593}},"8":{"start":{"line":1,"column":628},"end":{"line":1,"column":679}},"9":{"start":{"line":1,"column":697},"end":{"line":1,"column":738}},"10":{"start":{"line":1,"column":756},"end":{"line":1,"column":790}},"11":{"start":{"line":2,"column":166},"end":{"line":2,"column":220}},"12":{"start":{"line":4,"column":21},"end":{"line":23,"column":124}}},"fnMap":{"0":{"name":"_interopRequireDefault","decl":{"start":{"line":2,"column":137},"end":{"line":2,"column":159}},"loc":{"start":{"line":2,"column":165},"end":{"line":2,"column":221}}},"1":{"name":"asyncComponent","decl":{"start":{"line":4,"column":30},"end":{"line":4,"column":44}},"loc":{"start":{"line":4,"column":85},"end":{"line":23,"column":124}}}},"branchMap":{"0":{"loc":{"start":{"line":2,"column":173},"end":{"line":2,"column":219}},"type":"cond-expr","locations":[{"start":{"line":2,"column":197},"end":{"line":2,"column":200}},{"start":{"line":2,"column":203},"end":{"line":2,"column":219}}]},"1":{"loc":{"start":{"line":2,"column":173},"end":{"line":2,"column":194}},"type":"binary-expr","locations":[{"start":{"line":2,"column":173},"end":{"line":2,"column":176}},{"start":{"line":2,"column":180},"end":{"line":2,"column":194}}]}},"s":{"0":0,"1":0,"2":0,"3":0,"4":0,"5":0,"6":0,"7":0,"8":0,"9":0,"10":0,"11":0,"12":0},"f":{"0":0,"1":0},"b":{"0":[0,0],"1":[0,0]}}
,"/Users/vincentspeelman/Projects/webpack-react-hot-bolerplate/src/components/dashboard/Dashboard.js": {"path":"/Users/vincentspeelman/Projects/webpack-react-hot-bolerplate/src/components/dashboard/Dashboard.js","statementMap":{"0":{"start":{"line":1,"column":39},"end":{"line":1,"column":101}},"1":{"start":{"line":2,"column":166},"end":{"line":2,"column":220}},"2":{"start":{"line":4,"column":16},"end":{"line":5,"column":185}}},"fnMap":{"0":{"name":"_interopRequireDefault","decl":{"start":{"line":2,"column":137},"end":{"line":2,"column":159}},"loc":{"start":{"line":2,"column":165},"end":{"line":2,"column":221}}},"1":{"name":"Dashboard","decl":{"start":{"line":4,"column":25},"end":{"line":4,"column":34}},"loc":{"start":{"line":4,"column":63},"end":{"line":5,"column":185}}}},"branchMap":{"0":{"loc":{"start":{"line":2,"column":173},"end":{"line":2,"column":219}},"type":"cond-expr","locations":[{"start":{"line":2,"column":197},"end":{"line":2,"column":200}},{"start":{"line":2,"column":203},"end":{"line":2,"column":219}}]},"1":{"loc":{"start":{"line":2,"column":173},"end":{"line":2,"column":194}},"type":"binary-expr","locations":[{"start":{"line":2,"column":173},"end":{"line":2,"column":176}},{"start":{"line":2,"column":180},"end":{"line":2,"column":194}}]}},"s":{"0":0,"1":0,"2":0},"f":{"0":0,"1":0},"b":{"0":[0,0],"1":[0,0]}}
,"/Users/vincentspeelman/Projects/webpack-react-hot-bolerplate/src/components/header/index.js": {"path":"/Users/vincentspeelman/Projects/webpack-react-hot-bolerplate/src/components/header/index.js","statementMap":{"0":{"start":{"line":6,"column":21},"end":{"line":16,"column":1}},"1":{"start":{"line":18,"column":22},"end":{"line":57,"column":1}},"2":{"start":{"line":30,"column":2},"end":{"line":56,"column":7}},"3":{"start":{"line":31,"column":25},"end":{"line":54,"column":7}},"4":{"start":{"line":59,"column":24},"end":{"line":61,"column":2}},"5":{"start":{"line":59,"column":46},"end":{"line":61,"column":1}}},"fnMap":{"0":{"name":"(anonymous_0)","decl":{"start":{"line":18,"column":22},"end":{"line":18,"column":23}},"loc":{"start":{"line":30,"column":2},"end":{"line":56,"column":7}}},"1":{"name":"(anonymous_1)","decl":{"start":{"line":31,"column":16},"end":{"line":31,"column":17}},"loc":{"start":{"line":31,"column":25},"end":{"line":54,"column":7}}},"2":{"name":"(anonymous_2)","decl":{"start":{"line":59,"column":24},"end":{"line":59,"column":25}},"loc":{"start":{"line":59,"column":46},"end":{"line":61,"column":1}}}},"branchMap":{"0":{"loc":{"start":{"line":20,"column":2},"end":{"line":20,"column":22}},"type":"default-arg","locations":[{"start":{"line":20,"column":10},"end":{"line":20,"column":22}}]},"1":{"loc":{"start":{"line":31,"column":25},"end":{"line":54,"column":7}},"type":"cond-expr","locations":[{"start":{"line":32,"column":7},"end":{"line":42,"column":13}},{"start":{"line":44,"column":8},"end":{"line":53,"column":13}}]},"2":{"loc":{"start":{"line":32,"column":7},"end":{"line":42,"column":13}},"type":"binary-expr","locations":[{"start":{"line":32,"column":7},"end":{"line":32,"column":20}},{"start":{"line":33,"column":8},"end":{"line":42,"column":13}}]}},"s":{"0":1,"1":1,"2":4,"3":8,"4":1,"5":0},"f":{"0":4,"1":8,"2":0},"b":{"0":[4],"1":[4,4],"2":[4,2]},"_coverageSchema":"332fd63041d2c1bcb487cc26dd0d5f7d97098a6c","hash":"d29314b618a8f8b2cd2efc6deb070b8761832a3d"}
,"/Users/vincentspeelman/Projects/webpack-react-hot-bolerplate/src/components/home/index.js": {"path":"/Users/vincentspeelman/Projects/webpack-react-hot-bolerplate/src/components/home/index.js","statementMap":{"0":{"start":{"line":1,"column":39},"end":{"line":1,"column":101}},"1":{"start":{"line":9,"column":11},"end":{"line":52,"column":82}},"2":{"start":{"line":61,"column":22},"end":{"line":63,"column":42}},"3":{"start":{"line":66,"column":25},"end":{"line":68,"column":68}}},"fnMap":{"0":{"name":"Home","decl":{"start":{"line":9,"column":20},"end":{"line":9,"column":24}},"loc":{"start":{"line":9,"column":84},"end":{"line":52,"column":82}}},"1":{"name":"mapStateToProps","decl":{"start":{"line":61,"column":31},"end":{"line":61,"column":46}},"loc":{"start":{"line":61,"column":80},"end":{"line":63,"column":42}}}},"branchMap":{},"s":{"0":0,"1":0,"2":0,"3":0},"f":{"0":0,"1":0},"b":{}}
,"/Users/vincentspeelman/Projects/webpack-react-hot-bolerplate/src/config/create-actions.js": {"path":"/Users/vincentspeelman/Projects/webpack-react-hot-bolerplate/src/config/create-actions.js","statementMap":{"0":{"start":{"line":7,"column":16},"end":{"line":19,"column":1}},"1":{"start":{"line":13,"column":21},"end":{"line":17,"column":4}},"2":{"start":{"line":18,"column":2},"end":{"line":18,"column":29}}},"fnMap":{"0":{"name":"(anonymous_0)","decl":{"start":{"line":7,"column":16},"end":{"line":7,"column":17}},"loc":{"start":{"line":12,"column":5},"end":{"line":19,"column":1}}}},"branchMap":{"0":{"loc":{"start":{"line":8,"column":2},"end":{"line":8,"column":20}},"type":"default-arg","locations":[{"start":{"line":8,"column":15},"end":{"line":8,"column":20}}]},"1":{"loc":{"start":{"line":9,"column":2},"end":{"line":11,"column":8}},"type":"default-arg","locations":[{"start":{"line":11,"column":6},"end":{"line":11,"column":8}}]}},"s":{"0":3,"1":4,"2":4},"f":{"0":4},"b":{"0":[0],"1":[0]},"_coverageSchema":"332fd63041d2c1bcb487cc26dd0d5f7d97098a6c","hash":"90351c62ec4ada6952301a3061546f970cab30e1"}
,"/Users/vincentspeelman/Projects/webpack-react-hot-bolerplate/src/config/create-store.js": {"path":"/Users/vincentspeelman/Projects/webpack-react-hot-bolerplate/src/config/create-store.js","statementMap":{"0":{"start":{"line":1,"column":39},"end":{"line":1,"column":101}},"1":{"start":{"line":1,"column":120},"end":{"line":1,"column":156}},"2":{"start":{"line":1,"column":177},"end":{"line":1,"column":213}},"3":{"start":{"line":10,"column":199},"end":{"line":10,"column":253}},"4":{"start":{"line":10,"column":268},"end":{"line":14,"column":41}},"5":{"start":{"line":20,"column":44},"end":{"line":21,"column":65}},"6":{"start":{"line":23,"column":47},"end":{"line":23,"column":73}},"7":{"start":{"line":25,"column":17},"end":{"line":26,"column":15}},"8":{"start":{"line":29,"column":38},"end":{"line":32,"column":182}},"9":{"start":{"line":35,"column":0},"end":{"line":35,"column":29}}},"fnMap":{"0":{"name":"_interopRequireDefault","decl":{"start":{"line":10,"column":170},"end":{"line":10,"column":192}},"loc":{"start":{"line":10,"column":198},"end":{"line":10,"column":254}}},"1":{"name":"rootSaga","decl":{"start":{"line":14,"column":51},"end":{"line":14,"column":59}},"loc":{"start":{"line":14,"column":88},"end":{"line":16,"column":134}}}},"branchMap":{"0":{"loc":{"start":{"line":10,"column":206},"end":{"line":10,"column":252}},"type":"cond-expr","locations":[{"start":{"line":10,"column":230},"end":{"line":10,"column":233}},{"start":{"line":10,"column":236},"end":{"line":10,"column":252}}]},"1":{"loc":{"start":{"line":10,"column":206},"end":{"line":10,"column":227}},"type":"binary-expr","locations":[{"start":{"line":10,"column":206},"end":{"line":10,"column":209}},{"start":{"line":10,"column":213},"end":{"line":10,"column":227}}]}},"s":{"0":0,"1":0,"2":0,"3":0,"4":0,"5":0,"6":0,"7":0,"8":0,"9":0},"f":{"0":0,"1":0},"b":{"0":[0,0],"1":[0,0]}}
,"/Users/vincentspeelman/Projects/webpack-react-hot-bolerplate/src/modules/current-user/action-types.js": {"path":"/Users/vincentspeelman/Projects/webpack-react-hot-bolerplate/src/modules/current-user/action-types.js","statementMap":{},"fnMap":{},"branchMap":{},"s":{},"f":{},"b":{},"_coverageSchema":"332fd63041d2c1bcb487cc26dd0d5f7d97098a6c","hash":"a38c79a4d45fd886aa297de39f21dbc6082c1556"}
,"/Users/vincentspeelman/Projects/webpack-react-hot-bolerplate/src/modules/current-user/index.js": {"path":"/Users/vincentspeelman/Projects/webpack-react-hot-bolerplate/src/modules/current-user/index.js","statementMap":{"0":{"start":{"line":11,"column":24},"end":{"line":14,"column":2}},"1":{"start":{"line":11,"column":49},"end":{"line":14,"column":1}},"2":{"start":{"line":16,"column":20},"end":{"line":34,"column":2}},"3":{"start":{"line":17,"column":73},"end":{"line":21,"column":3}},"4":{"start":{"line":22,"column":73},"end":{"line":27,"column":3}},"5":{"start":{"line":28,"column":51},"end":{"line":33,"column":3}},"6":{"start":{"line":38,"column":2},"end":{"line":42,"column":3}},"7":{"start":{"line":39,"column":4},"end":{"line":39,"column":42}},"8":{"start":{"line":41,"column":4},"end":{"line":41,"column":25}},"9":{"start":{"line":43,"column":2},"end":{"line":53,"column":3}},"10":{"start":{"line":44,"column":4},"end":{"line":47,"column":7}},"11":{"start":{"line":49,"column":4},"end":{"line":52,"column":7}},"12":{"start":{"line":57,"column":2},"end":{"line":57,"column":57}},"13":{"start":{"line":60,"column":21},"end":{"line":66,"column":2}},"14":{"start":{"line":60,"column":55},"end":{"line":66,"column":1}},"15":{"start":{"line":68,"column":22},"end":{"line":70,"column":2}},"16":{"start":{"line":68,"column":29},"end":{"line":70,"column":1}},"17":{"start":{"line":73,"column":2},"end":{"line":75,"column":4}}},"fnMap":{"0":{"name":"(anonymous_0)","decl":{"start":{"line":11,"column":24},"end":{"line":11,"column":25}},"loc":{"start":{"line":11,"column":49},"end":{"line":14,"column":1}}},"1":{"name":"(anonymous_1)","decl":{"start":{"line":17,"column":30},"end":{"line":17,"column":31}},"loc":{"start":{"line":17,"column":73},"end":{"line":21,"column":3}}},"2":{"name":"(anonymous_2)","decl":{"start":{"line":22,"column":30},"end":{"line":22,"column":31}},"loc":{"start":{"line":22,"column":73},"end":{"line":27,"column":3}}},"3":{"name":"(anonymous_3)","decl":{"start":{"line":28,"column":21},"end":{"line":28,"column":22}},"loc":{"start":{"line":28,"column":51},"end":{"line":33,"column":3}}},"4":{"name":"handleLogIn","decl":{"start":{"line":36,"column":17},"end":{"line":36,"column":28}},"loc":{"start":{"line":36,"column":63},"end":{"line":54,"column":1}}},"5":{"name":"watchLogIn","decl":{"start":{"line":56,"column":17},"end":{"line":56,"column":27}},"loc":{"start":{"line":56,"column":43},"end":{"line":58,"column":1}}},"6":{"name":"(anonymous_6)","decl":{"start":{"line":60,"column":21},"end":{"line":60,"column":22}},"loc":{"start":{"line":60,"column":55},"end":{"line":66,"column":1}}},"7":{"name":"(anonymous_7)","decl":{"start":{"line":68,"column":22},"end":{"line":68,"column":23}},"loc":{"start":{"line":68,"column":29},"end":{"line":70,"column":1}}},"8":{"name":"rootSaga","decl":{"start":{"line":72,"column":17},"end":{"line":72,"column":25}},"loc":{"start":{"line":72,"column":41},"end":{"line":76,"column":1}}}},"branchMap":{},"s":{"0":1,"1":1,"2":1,"3":0,"4":0,"5":0,"6":1,"7":1,"8":0,"9":0,"10":0,"11":0,"12":1,"13":1,"14":1,"15":1,"16":1,"17":1},"f":{"0":1,"1":0,"2":0,"3":0,"4":1,"5":1,"6":1,"7":1,"8":1},"b":{},"_coverageSchema":"332fd63041d2c1bcb487cc26dd0d5f7d97098a6c","hash":"7d819b596fa6cafa9ff7379817ba4c0c8d16f464"}
}
