TN:
SF:/Users/vincentspeelman/Projects/webpack-react-hot-bolerplate/src/index.js
FN:6,_interopRequireDefault
FNF:1
FNH:0
FNDA:0,_interopRequireDefault
DA:6,0
LF:1
LH:0
BRDA:6,0,0,0
BRDA:6,0,1,0
BRDA:6,1,0,0
BRDA:6,1,1,0
BRF:4
BRH:0
end_of_record
TN:
SF:/Users/vincentspeelman/Projects/webpack-react-hot-bolerplate/src/components/api/index.js
FN:8,(anonymous_0)
FN:21,(anonymous_1)
FN:22,(anonymous_2)
FNF:3
FNH:1
FNDA:1,(anonymous_0)
FNDA:0,(anonymous_1)
FNDA:0,(anonymous_2)
DA:3,1
DA:9,1
DA:21,0
DA:22,0
LF:4
LH:2
BRF:0
BRH:0
end_of_record
TN:
SF:/Users/vincentspeelman/Projects/webpack-react-hot-bolerplate/src/components/application/index.js
FN:11,Application
FNF:1
FNH:0
FNDA:0,Application
DA:1,0
DA:11,0
DA:25,0
LF:3
LH:0
BRF:0
BRH:0
end_of_record
TN:
SF:/Users/vincentspeelman/Projects/webpack-react-hot-bolerplate/src/components/async-component/index.js
FN:2,_interopRequireDefault
FN:4,asyncComponent
FNF:2
FNH:0
FNDA:0,_interopRequireDefault
FNDA:0,asyncComponent
DA:1,0
DA:2,0
DA:4,0
LF:3
LH:0
BRDA:2,0,0,0
BRDA:2,0,1,0
BRDA:2,1,0,0
BRDA:2,1,1,0
BRF:4
BRH:0
end_of_record
TN:
SF:/Users/vincentspeelman/Projects/webpack-react-hot-bolerplate/src/components/dashboard/Dashboard.js
FN:2,_interopRequireDefault
FN:4,Dashboard
FNF:2
FNH:0
FNDA:0,_interopRequireDefault
FNDA:0,Dashboard
DA:1,0
DA:2,0
DA:4,0
LF:3
LH:0
BRDA:2,0,0,0
BRDA:2,0,1,0
BRDA:2,1,0,0
BRDA:2,1,1,0
BRF:4
BRH:0
end_of_record
TN:
SF:/Users/vincentspeelman/Projects/webpack-react-hot-bolerplate/src/components/header/index.js
FN:18,(anonymous_0)
FN:31,(anonymous_1)
FN:59,(anonymous_2)
FNF:3
FNH:2
FNDA:4,(anonymous_0)
FNDA:8,(anonymous_1)
FNDA:0,(anonymous_2)
DA:6,1
DA:18,1
DA:30,4
DA:31,8
DA:59,1
LF:5
LH:5
BRDA:20,0,0,4
BRDA:31,1,0,4
BRDA:31,1,1,4
BRDA:32,2,0,4
BRDA:32,2,1,2
BRF:5
BRH:5
end_of_record
TN:
SF:/Users/vincentspeelman/Projects/webpack-react-hot-bolerplate/src/components/home/index.js
FN:9,Home
FN:61,mapStateToProps
FNF:2
FNH:0
FNDA:0,Home
FNDA:0,mapStateToProps
DA:1,0
DA:9,0
DA:61,0
DA:66,0
LF:4
LH:0
BRF:0
BRH:0
end_of_record
TN:
SF:/Users/vincentspeelman/Projects/webpack-react-hot-bolerplate/src/config/create-actions.js
FN:7,(anonymous_0)
FNF:1
FNH:1
FNDA:4,(anonymous_0)
DA:7,3
DA:13,4
DA:18,4
LF:3
LH:3
BRDA:8,0,0,0
BRDA:9,1,0,0
BRF:2
BRH:0
end_of_record
TN:
SF:/Users/vincentspeelman/Projects/webpack-react-hot-bolerplate/src/config/create-store.js
FN:10,_interopRequireDefault
FN:14,rootSaga
FNF:2
FNH:0
FNDA:0,_interopRequireDefault
FNDA:0,rootSaga
DA:1,0
DA:10,0
DA:20,0
DA:23,0
DA:25,0
DA:29,0
DA:35,0
LF:7
LH:0
BRDA:10,0,0,0
BRDA:10,0,1,0
BRDA:10,1,0,0
BRDA:10,1,1,0
BRF:4
BRH:0
end_of_record
TN:
SF:/Users/vincentspeelman/Projects/webpack-react-hot-bolerplate/src/modules/current-user/action-types.js
FNF:0
FNH:0
LF:0
LH:0
BRF:0
BRH:0
end_of_record
TN:
SF:/Users/vincentspeelman/Projects/webpack-react-hot-bolerplate/src/modules/current-user/index.js
FN:11,(anonymous_0)
FN:17,(anonymous_1)
FN:22,(anonymous_2)
FN:28,(anonymous_3)
FN:36,handleLogIn
FN:56,watchLogIn
FN:60,(anonymous_6)
FN:68,(anonymous_7)
FN:72,rootSaga
FNF:9
FNH:6
FNDA:1,(anonymous_0)
FNDA:0,(anonymous_1)
FNDA:0,(anonymous_2)
FNDA:0,(anonymous_3)
FNDA:1,handleLogIn
FNDA:1,watchLogIn
FNDA:1,(anonymous_6)
FNDA:1,(anonymous_7)
FNDA:1,rootSaga
DA:11,1
DA:16,1
DA:17,0
DA:22,0
DA:28,0
DA:38,1
DA:39,1
DA:41,0
DA:43,0
DA:44,0
DA:49,0
DA:57,1
DA:60,1
DA:68,1
DA:73,1
LF:15
LH:8
BRF:0
BRH:0
end_of_record
